# JRE version: OpenJDK Runtime Environment (17.0.9) (build 17.0.9+0--11185874)
# Java VM: OpenJDK 64-Bit Server VM (17.0.9+0--11185874, mixed mode, tiered, compressed oops, compressed class ptrs, g1 gc, windows-amd64)
GC Precious Log:
 CPUs: 8 total, 8 available
 Memory: 32565M
 Large Page Support: Disabled
 NUMA Support: Disabled
 Compressed Oops: Enabled (32-bit)
 Heap Region Size: 1M
 Heap Min Capacity: 8M
 Heap Initial Capacity: 510M
 Heap Max Capacity: 2G
 Pre-touch: Disabled
 Parallel Workers: 8
 Concurrent Workers: 2
 Concurrent Refinement Workers: 8
 Periodic GC: Disabled
Heap:
 garbage-first heap   total 360448K, used 202378K [0x0000000080000000, 0x0000000100000000)
  region size 1024K, 6 young (6144K), 6 survivors (6144K)
 Metaspace       used 112427K, committed 113216K, reserved 1179648K
  class space    used 15674K, committed 16064K, reserved 1048576K
GC Heap History (20 events):
Event: 11.779 GC heap after
{Heap after GC invocations=21 (full 0):
 garbage-first heap   total 215040K, used 101023K [0x0000000080000000, 0x0000000100000000)
  region size 1024K, 2 young (2048K), 2 survivors (2048K)
 Metaspace       used 100194K, committed 100928K, reserved 1179648K
  class space    used 14045K, committed 14400K, reserved 1048576K
}
Event: 13.406 GC heap before
{Heap before GC invocations=22 (full 0):
 garbage-first heap   total 215040K, used 174751K [0x0000000080000000, 0x0000000100000000)
  region size 1024K, 75 young (76800K), 2 survivors (2048K)
 Metaspace       used 103313K, committed 104064K, reserved 1179648K
  class space    used 14324K, committed 14720K, reserved 1048576K
}
Event: 13.409 GC heap after
{Heap after GC invocations=23 (full 0):
 garbage-first heap   total 215040K, used 100762K [0x0000000080000000, 0x0000000100000000)
  region size 1024K, 2 young (2048K), 2 survivors (2048K)
 Metaspace       used 103313K, committed 104064K, reserved 1179648K
  class space    used 14324K, committed 14720K, reserved 1048576K
}
Event: 13.557 GC heap before
{Heap before GC invocations=23 (full 0):
 garbage-first heap   total 215040K, used 107930K [0x0000000080000000, 0x0000000100000000)
  region size 1024K, 10 young (10240K), 2 survivors (2048K)
 Metaspace       used 103326K, committed 104128K, reserved 1179648K
  class space    used 14324K, committed 14720K, reserved 1048576K
}
Event: 13.559 GC heap after
{Heap after GC invocations=24 (full 0):
 garbage-first heap   total 215040K, used 100601K [0x0000000080000000, 0x0000000100000000)
  region size 1024K, 1 young (1024K), 1 survivors (1024K)
 Metaspace       used 103326K, committed 104128K, reserved 1179648K
  class space    used 14324K, committed 14720K, reserved 1048576K
}
Event: 14.113 GC heap before
{Heap before GC invocations=24 (full 0):
 garbage-first heap   total 215040K, used 142585K [0x0000000080000000, 0x0000000100000000)
  region size 1024K, 44 young (45056K), 1 survivors (1024K)
 Metaspace       used 103708K, committed 104512K, reserved 1179648K
  class space    used 14354K, committed 14784K, reserved 1048576K
}
Event: 14.115 GC heap after
{Heap after GC invocations=25 (full 0):
 garbage-first heap   total 215040K, used 102213K [0x0000000080000000, 0x0000000100000000)
  region size 1024K, 2 young (2048K), 2 survivors (2048K)
 Metaspace       used 103708K, committed 104512K, reserved 1179648K
  class space    used 14354K, committed 14784K, reserved 1048576K
}
Event: 14.729 GC heap before
{Heap before GC invocations=26 (full 0):
 garbage-first heap   total 215040K, used 194373K [0x0000000080000000, 0x0000000100000000)
  region size 1024K, 77 young (78848K), 2 survivors (2048K)
 Metaspace       used 106516K, committed 107328K, reserved 1179648K
  class space    used 14631K, committed 15040K, reserved 1048576K
}
Event: 14.732 GC heap after
{Heap after GC invocations=27 (full 0):
 garbage-first heap   total 215040K, used 121526K [0x0000000080000000, 0x0000000100000000)
  region size 1024K, 10 young (10240K), 10 survivors (10240K)
 Metaspace       used 106516K, committed 107328K, reserved 1179648K
  class space    used 14631K, committed 15040K, reserved 1048576K
}
Event: 14.742 GC heap before
{Heap before GC invocations=27 (full 0):
 garbage-first heap   total 215040K, used 122550K [0x0000000080000000, 0x0000000100000000)
  region size 1024K, 11 young (11264K), 10 survivors (10240K)
 Metaspace       used 106630K, committed 107456K, reserved 1179648K
  class space    used 14641K, committed 15040K, reserved 1048576K
}
Event: 14.746 GC heap after
{Heap after GC invocations=28 (full 0):
 garbage-first heap   total 215040K, used 121357K [0x0000000080000000, 0x0000000100000000)
  region size 1024K, 1 young (1024K), 1 survivors (1024K)
 Metaspace       used 106630K, committed 107456K, reserved 1179648K
  class space    used 14641K, committed 15040K, reserved 1048576K
}
Event: 14.972 GC heap before
{Heap before GC invocations=28 (full 0):
 garbage-first heap   total 215040K, used 139789K [0x0000000080000000, 0x0000000100000000)
  region size 1024K, 21 young (21504K), 1 survivors (1024K)
 Metaspace       used 109000K, committed 109824K, reserved 1179648K
  class space    used 14989K, committed 15424K, reserved 1048576K
}
Event: 14.973 GC heap after
{Heap after GC invocations=29 (full 0):
 garbage-first heap   total 215040K, used 122115K [0x0000000080000000, 0x0000000100000000)
  region size 1024K, 2 young (2048K), 2 survivors (2048K)
 Metaspace       used 109000K, committed 109824K, reserved 1179648K
  class space    used 14989K, committed 15424K, reserved 1048576K
}
Event: 15.356 GC heap before
{Heap before GC invocations=30 (full 0):
 garbage-first heap   total 280576K, used 210179K [0x0000000080000000, 0x0000000100000000)
  region size 1024K, 59 young (60416K), 2 survivors (2048K)
 Metaspace       used 109542K, committed 110336K, reserved 1179648K
  class space    used 15080K, committed 15488K, reserved 1048576K
}
Event: 15.365 GC heap after
{Heap after GC invocations=31 (full 0):
 garbage-first heap   total 280576K, used 154495K [0x0000000080000000, 0x0000000100000000)
  region size 1024K, 8 young (8192K), 8 survivors (8192K)
 Metaspace       used 109542K, committed 110336K, reserved 1179648K
  class space    used 15080K, committed 15488K, reserved 1048576K
}
Event: 15.408 GC heap before
{Heap before GC invocations=31 (full 0):
 garbage-first heap   total 280576K, used 159615K [0x0000000080000000, 0x0000000100000000)
  region size 1024K, 13 young (13312K), 8 survivors (8192K)
 Metaspace       used 109966K, committed 110784K, reserved 1179648K
  class space    used 15157K, committed 15552K, reserved 1048576K
}
Event: 15.414 GC heap after
{Heap after GC invocations=32 (full 0):
 garbage-first heap   total 280576K, used 156074K [0x0000000080000000, 0x0000000100000000)
  region size 1024K, 2 young (2048K), 2 survivors (2048K)
 Metaspace       used 109966K, committed 110784K, reserved 1179648K
  class space    used 15157K, committed 15552K, reserved 1048576K
}
Event: 15.680 GC heap before
{Heap before GC invocations=32 (full 0):
 garbage-first heap   total 280576K, used 221610K [0x0000000080000000, 0x0000000100000000)
  region size 1024K, 67 young (68608K), 2 survivors (2048K)
 Metaspace       used 112363K, committed 113152K, reserved 1179648K
  class space    used 15674K, committed 16064K, reserved 1048576K
}
Event: 15.695 GC heap after
{Heap after GC invocations=33 (full 0):
 garbage-first heap   total 280576K, used 183084K [0x0000000080000000, 0x0000000100000000)
  region size 1024K, 9 young (9216K), 9 survivors (9216K)
 Metaspace       used 112363K, committed 113152K, reserved 1179648K
  class space    used 15674K, committed 16064K, reserved 1048576K
}
Event: 15.818 GC heap before
{Heap before GC invocations=33 (full 0):
 garbage-first heap   total 360448K, used 218924K [0x0000000080000000, 0x0000000100000000)
  region size 1024K, 45 young (46080K), 9 survivors (9216K)
 Metaspace       used 112427K, committed 113216K, reserved 1179648K
  class space    used 15674K, committed 16064K, reserved 1048576K
}

